Arguments: 
  C:\Program Files\node32\node.exe C:\Program Files\node32\node_modules\yarn\bin\yarn.js add react-lazy-load-image-component

PATH: 
  C:\Program Files\Eclipse Adoptium\jdk-11.0.19.7-hotspot\bin\bin;C:\Program Files\Eclipse Adoptium\jdk-11.0.19.7-hotspot\bin;C:\Program Files\Microsoft VS Code\bin;C:\Program Files\MySQL\MySQL Server 5.7\bin;C:\Users\ADMIN\AppData\Local\Programs\Python;C:\Windows\System32;C:\Program Files\node32;C:\Users\ADMIN\Anaconda3\Scripts;C:\Users\ADMIN\Anaconda3;C:\Users\ADMIN\AppData\Roaming\npm

Yarn version: 
  1.22.19

Node version: 
  16.20.2

Platform: 
  win32 ia32

Trace: 
  Error: getaddrinfo ENOTFOUND infyartifactory.ad.infosys.com
      at GetAddrInfoReqWrap.onlookup [as oncomplete] (node:dns:109:26)

npm manifest: 
  {
    "dependencies": {
      "mongodb": "4.0"
    }
  }

yarn manifest: 
  No manifest

Lockfile: 
  No lockfile
